2017-06-02 11:43:28: SELECT * FROM `admin_user` WHERE `user_name` = 'admin'  LIMIT 1
2017-06-02 11:43:45: SELECT * FROM `admin_user` WHERE `user_name` = 'admin'  LIMIT 1
2017-06-02 11:43:53: SELECT Count(*) as cnt FROM `tools_url`  LIMIT 1
2017-06-02 11:43:53: SELECT * FROM `tools_url`  LIMIT 10
2017-06-02 11:44:11: SELECT Count(*) as cnt FROM `tools_url`  LIMIT 1
2017-06-02 11:44:11: SELECT * FROM `tools_url`  LIMIT 10
2017-06-02 11:44:25: SELECT Count(*) as cnt FROM `tools_url`  LIMIT 1
2017-06-02 11:44:25: SELECT * FROM `tools_url`  LIMIT 10
2017-06-02 11:46:08: SELECT Count(*) as cnt FROM `tools_url`  LIMIT 1
2017-06-02 11:46:08: SELECT * FROM `tools_url`  LIMIT 10
2017-06-02 11:47:02: SELECT Count(*) as cnt FROM `tools_url`  LIMIT 1
2017-06-02 11:47:02: SELECT * FROM `tools_url`  LIMIT 10
2017-06-02 11:47:16: SELECT Count(*) as cnt FROM `tools_url`  LIMIT 1
2017-06-02 11:47:16: SELECT * FROM `tools_url`  LIMIT 10
2017-06-02 11:47:47: SELECT Count(*) as cnt FROM `tools_url`  LIMIT 1
2017-06-02 11:47:47: SELECT * FROM `tools_url`  LIMIT 10
2017-06-02 11:48:07: SELECT Count(*) as cnt FROM `tools_url`  LIMIT 1
2017-06-02 11:48:07: SELECT * FROM `tools_url`  LIMIT 10
2017-06-02 11:48:48: SELECT Count(*) as cnt FROM `tools_url`  LIMIT 1
2017-06-02 11:48:48: SELECT * FROM `tools_url`  LIMIT 10
2017-06-02 11:49:40: SELECT Count(*) as cnt FROM `tools_url`  LIMIT 1
2017-06-02 11:49:40: SELECT * FROM `tools_url`  LIMIT 10
2017-06-02 11:49:58: SELECT Count(*) as cnt FROM `tools_url`  LIMIT 1
2017-06-02 11:49:58: SELECT * FROM `tools_url`  LIMIT 10
2017-06-02 11:51:05: SELECT Count(*) as cnt FROM `tools_url`  LIMIT 1
2017-06-02 11:51:05: SELECT * FROM `tools_url`  LIMIT 10
2017-06-02 11:51:08: SELECT Count(*) as cnt FROM `tools_url`  LIMIT 1
2017-06-02 11:51:08: SELECT * FROM `tools_url`  LIMIT 10
2017-06-02 11:51:11: SELECT Count(*) as cnt FROM `tools_url`  LIMIT 1
2017-06-02 11:51:11: SELECT * FROM `tools_url`  LIMIT 10
2017-06-02 11:51:14: SELECT Count(*) as cnt FROM `tools_url`  LIMIT 1
2017-06-02 11:51:14: SELECT * FROM `tools_url`  LIMIT 10
2017-06-02 11:51:19: SELECT Count(*) as cnt FROM `tools_url`  LIMIT 1
2017-06-02 11:51:19: SELECT * FROM `tools_url`  LIMIT 10
2017-06-02 11:51:46: SELECT Count(*) as cnt FROM `tools_url`  LIMIT 1
2017-06-02 11:51:46: SELECT * FROM `tools_url`  LIMIT 10
2017-06-02 11:52:05: SELECT Count(*) as cnt FROM `tools_url`  LIMIT 1
2017-06-02 11:52:05: SELECT * FROM `tools_url`  LIMIT 10
2017-06-02 11:58:25: SELECT Count(*) as cnt FROM `tools_url` WHERE `title` LIKE '%123%' ESCAPE '!' AND `hook` = 'fdjs'  LIMIT 1
2017-06-02 11:58:25: SELECT * FROM `tools_url` WHERE `title` LIKE '%123%' ESCAPE '!' AND `hook` = 'fdjs'  LIMIT 10
2017-06-02 11:58:29: SELECT Count(*) as cnt FROM `tools_url` WHERE `title` LIKE '%%' ESCAPE '!' AND `hook` = 'fdjs'  LIMIT 1
2017-06-02 11:58:29: SELECT * FROM `tools_url` WHERE `title` LIKE '%%' ESCAPE '!' AND `hook` = 'fdjs'  LIMIT 10
2017-06-02 11:58:46: SELECT Count(*) as cnt FROM `tools_url` WHERE `hook` = 'fdjs'  LIMIT 1
2017-06-02 11:58:46: SELECT * FROM `tools_url` WHERE `hook` = 'fdjs'  LIMIT 10
2017-06-02 11:58:50: SELECT Count(*) as cnt FROM `tools_url`  LIMIT 1
2017-06-02 11:58:50: SELECT * FROM `tools_url`  LIMIT 10
2017-06-02 11:58:58: SELECT Count(*) as cnt FROM `tools_url` WHERE `hook` = 'gjhl'  LIMIT 1
2017-06-02 11:58:58: SELECT * FROM `tools_url` WHERE `hook` = 'gjhl'  LIMIT 10
2017-06-02 11:59:02: SELECT * FROM `tools_url` WHERE `id` = 10  LIMIT 1
2017-06-02 11:59:11: SELECT * FROM `tools_url` WHERE `id` = 10  LIMIT 1
2017-06-02 11:59:11: UPDATE `tools_url` SET `title` = '国际汇率计算', `link_url` = 'http://www.baidu.com', `hook` = 'gjhl', `addtime` = '2017-06-02 11:59:11' WHERE `id` = '10'
2017-06-02 11:59:11: SELECT Count(*) as cnt FROM `tools_url`  LIMIT 1
2017-06-02 11:59:11: SELECT * FROM `tools_url`  LIMIT 10
2017-06-02 11:59:17: SELECT Count(*) as cnt FROM `tools_url` WHERE `title` LIKE '%国际%' ESCAPE '!'  LIMIT 1
2017-06-02 11:59:17: SELECT * FROM `tools_url` WHERE `title` LIKE '%国际%' ESCAPE '!'  LIMIT 10
2017-06-02 11:59:24: SELECT Count(*) as cnt FROM `tools_url`  LIMIT 1
2017-06-02 11:59:24: SELECT * FROM `tools_url`  LIMIT 10
