2017-06-01 17:16:16: SELECT Count(*) as cnt FROM `tools_url`  LIMIT 1
2017-06-01 17:16:16: SELECT * FROM `tools_url`  LIMIT 10
2017-06-01 17:16:19: SELECT * FROM `tools_url` WHERE `id` = 7  LIMIT 1
2017-06-01 17:17:40: SELECT * FROM `tools_url` WHERE `id` = 7  LIMIT 1
2017-06-01 17:17:46: SELECT * FROM `tools_url` WHERE `id` = 7  LIMIT 1
2017-06-01 17:18:21: SELECT Count(*) as cnt FROM `tools_url`  LIMIT 1
2017-06-01 17:18:21: SELECT * FROM `tools_url`  LIMIT 10
2017-06-01 17:18:27: SELECT * FROM `tools_url` WHERE `id` = 8  LIMIT 1
2017-06-01 17:18:54: SELECT * FROM `tools_url` WHERE `id` = 8  LIMIT 1
2017-06-01 17:21:01: SELECT * FROM `tools_url` WHERE `id` = 8  LIMIT 1
2017-06-01 17:21:44: SELECT * FROM `tools_url` WHERE `id` = 8  LIMIT 1
2017-06-01 17:22:21: SELECT * FROM `tools_url` WHERE `id` = 8  LIMIT 1
2017-06-01 17:22:23: SELECT * FROM `tools_url` WHERE `id` = 8  LIMIT 1
2017-06-01 17:22:31: SELECT * FROM `tools_url` WHERE `id` = 8  LIMIT 1
2017-06-01 17:23:16: SELECT * FROM `tools_url` WHERE `id` = 8  LIMIT 1
2017-06-01 17:23:24: SELECT * FROM `tools_url` WHERE `id` = 8  LIMIT 1
2017-06-01 17:23:30: SELECT * FROM `tools_url` WHERE `id` = 8  LIMIT 1
2017-06-01 17:23:53: SELECT * FROM `tools_url` WHERE `id` = 8  LIMIT 1
2017-06-01 17:26:58: SELECT Count(*) as cnt FROM `tools_url`  LIMIT 1
2017-06-01 17:26:58: SELECT * FROM `tools_url`  LIMIT 10
2017-06-01 17:28:13: SELECT Count(*) as cnt FROM `tools_url`  LIMIT 1
2017-06-01 17:28:13: SELECT * FROM `tools_url`  LIMIT 10
2017-06-01 17:28:15: SELECT * FROM `tools_url` WHERE `id` = 7  LIMIT 1
2017-06-01 17:28:19: SELECT * FROM `tools_url` WHERE `id` = 7  LIMIT 1
2017-06-01 17:28:19: UPDATE `tools_url` SET `title` = '国际汇率计算', `link_url` = 'http://m.uoolu.com/helper/rate/', `hook` = 'gjhl', `addtime` = '2017-06-01 17:28:19' WHERE `id` = '7'
2017-06-01 17:28:19: SELECT Count(*) as cnt FROM `tools_url`  LIMIT 1
2017-06-01 17:28:19: SELECT * FROM `tools_url`  LIMIT 10
2017-06-01 17:35:51: SELECT Count(*) as cnt FROM `tools_url`  LIMIT 1
2017-06-01 17:35:51: SELECT * FROM `tools_url`  LIMIT 10
2017-06-01 17:36:25: SELECT Count(*) as cnt FROM `tools_url`  LIMIT 1
2017-06-01 17:36:25: SELECT * FROM `tools_url`  LIMIT 10
2017-06-01 17:36:56: SELECT Count(*) as cnt FROM `tools_url`  LIMIT 1
2017-06-01 17:36:56: SELECT * FROM `tools_url`  LIMIT 10
2017-06-01 17:36:57: SELECT Count(*) as cnt FROM `tools_url`  LIMIT 1
2017-06-01 17:36:57: SELECT * FROM `tools_url`  LIMIT 10
2017-06-01 17:38:23: DELETE FROM `tools_url` WHERE `id` = '9'
2017-06-01 17:38:25: SELECT Count(*) as cnt FROM `tools_url`  LIMIT 1
2017-06-01 17:38:25: SELECT * FROM `tools_url`  LIMIT 10
2017-06-01 17:38:56: SELECT Count(*) as cnt FROM `tools_url`  LIMIT 1
2017-06-01 17:38:56: SELECT * FROM `tools_url`  LIMIT 10
2017-06-01 17:45:44: SELECT Count(*) as cnt FROM `tools_url`  LIMIT 1
2017-06-01 17:45:44: SELECT * FROM `tools_url`  LIMIT 10
2017-06-01 17:45:53: DELETE FROM `tools_url` WHERE `id` = '7'
2017-06-01 17:45:53: DELETE FROM `tools_url` WHERE `id` = '8'
2017-06-01 17:45:55: SELECT Count(*) as cnt FROM `tools_url`  LIMIT 1
2017-06-01 17:45:55: SELECT * FROM `tools_url`  LIMIT 10
2017-06-01 17:46:39: SELECT Count(*) as cnt FROM `tools_url`  LIMIT 1
2017-06-01 17:46:39: SELECT * FROM `tools_url`  LIMIT 10
2017-06-01 17:50:44: INSERT INTO `tools_url` (`id`, `title`, `link_url`, `hook`, `addtime`) VALUES ('', '汇率计算', 'http://www.baidu.com', 'gjhl', '2017-06-01 17:50:44')
2017-06-01 17:50:44: SELECT Count(*) as cnt FROM `tools_url`  LIMIT 1
2017-06-01 17:50:44: SELECT * FROM `tools_url`  LIMIT 10
2017-06-01 17:51:12: INSERT INTO `tools_url` (`id`, `title`, `link_url`, `hook`, `addtime`) VALUES ('', 'test', 'test', 'fdjs', '2017-06-01 17:51:11')
2017-06-01 17:51:12: SELECT Count(*) as cnt FROM `tools_url`  LIMIT 1
2017-06-01 17:51:12: SELECT * FROM `tools_url`  LIMIT 10
2017-06-01 17:51:16: DELETE FROM `tools_url` WHERE `id` = '11'
2017-06-01 17:51:17: SELECT Count(*) as cnt FROM `tools_url`  LIMIT 1
2017-06-01 17:51:17: SELECT * FROM `tools_url`  LIMIT 10
2017-06-01 17:51:21: SELECT Count(*) as cnt FROM `tools_url`  LIMIT 1
2017-06-01 17:51:21: SELECT * FROM `tools_url`  LIMIT 10
2017-06-01 17:56:20: SELECT Count(*) as cnt FROM `tools_url`  LIMIT 1
2017-06-01 17:56:20: SELECT * FROM `tools_url`  LIMIT 10
2017-06-01 17:56:23: SELECT * FROM `tools_url` WHERE `id` = 10  LIMIT 1
